<?xml version="1.0" encoding="UTF-8"?>
<!-- Generated by org.testng.reporters.JUnitReportReporter -->
<testsuite hostname="Qaipos2" name="MyTestPac.Test1" tests="1" failures="0" timestamp="17 Sep 2015 08:10:47 GMT" time="16.799" errors="0">
  <testcase name="test1" time="16.799" classname="MyTestPac.Test1"/>
</testsuite> <!-- MyTestPac.Test1 -->
