<?xml version="1.0" encoding="UTF-8"?>
<!-- Generated by org.testng.reporters.JUnitReportReporter -->
<testsuite hostname="Qaipos2" name="MyTestPac.Test1" tests="2" failures="0" timestamp="27 Sep 2015 22:30:14 GMT" time="9.590" errors="0">
  <testcase name="test2" time="4.755" classname="MyTestPac.Test1"/>
  <testcase name="test1" time="4.835" classname="MyTestPac.Test1"/>
</testsuite> <!-- MyTestPac.Test1 -->
